  Source.cpp
c:\users\vtech\source\repos\dka_nka\lab1_dka_nka\source.cpp(116): warning C4018: >: несоответствие типов со знаком и без знака
c:\users\vtech\source\repos\dka_nka\lab1_dka_nka\source.cpp(123): warning C4018: <: несоответствие типов со знаком и без знака
c:\users\vtech\source\repos\dka_nka\lab1_dka_nka\source.cpp(134): warning C4018: <: несоответствие типов со знаком и без знака
c:\users\vtech\source\repos\dka_nka\lab1_dka_nka\source.cpp(144): warning C4018: >: несоответствие типов со знаком и без знака
c:\users\vtech\source\repos\dka_nka\lab1_dka_nka\source.cpp(186): warning C4018: >: несоответствие типов со знаком и без знака
c:\users\vtech\source\repos\dka_nka\lab1_dka_nka\source.cpp(195): warning C4018: <: несоответствие типов со знаком и без знака
c:\users\vtech\source\repos\dka_nka\lab1_dka_nka\source.cpp(197): warning C4018: <: несоответствие типов со знаком и без знака
c:\users\vtech\source\repos\dka_nka\lab1_dka_nka\source.cpp(208): warning C4018: <: несоответствие типов со знаком и без знака
c:\users\vtech\source\repos\dka_nka\lab1_dka_nka\source.cpp(228): warning C4018: >: несоответствие типов со знаком и без знака
c:\users\vtech\source\repos\dka_nka\lab1_dka_nka\source.cpp(238): warning C4018: <: несоответствие типов со знаком и без знака
c:\users\vtech\source\repos\dka_nka\lab1_dka_nka\source.cpp(246): warning C4018: <: несоответствие типов со знаком и без знака
c:\users\vtech\source\repos\dka_nka\lab1_dka_nka\source.cpp(280): warning C4018: <: несоответствие типов со знаком и без знака
c:\users\vtech\source\repos\dka_nka\lab1_dka_nka\source.cpp(282): warning C4018: <: несоответствие типов со знаком и без знака
c:\users\vtech\source\repos\dka_nka\lab1_dka_nka\source.cpp(295): warning C4018: <: несоответствие типов со знаком и без знака
c:\users\vtech\source\repos\dka_nka\lab1_dka_nka\source.cpp(300): warning C4018: <: несоответствие типов со знаком и без знака
c:\users\vtech\source\repos\dka_nka\lab1_dka_nka\source.cpp(320): warning C4018: <: несоответствие типов со знаком и без знака
c:\users\vtech\source\repos\dka_nka\lab1_dka_nka\source.cpp(337): warning C4018: <: несоответствие типов со знаком и без знака
c:\users\vtech\source\repos\dka_nka\lab1_dka_nka\source.cpp(375): warning C4018: <: несоответствие типов со знаком и без знака
c:\users\vtech\source\repos\dka_nka\lab1_dka_nka\source.cpp(377): warning C4018: <: несоответствие типов со знаком и без знака
c:\users\vtech\source\repos\dka_nka\lab1_dka_nka\source.cpp(393): warning C4018: <: несоответствие типов со знаком и без знака
c:\users\vtech\source\repos\dka_nka\lab1_dka_nka\source.cpp(401): warning C4018: <: несоответствие типов со знаком и без знака
c:\users\vtech\source\repos\dka_nka\lab1_dka_nka\source.cpp(430): warning C4018: <: несоответствие типов со знаком и без знака
c:\users\vtech\source\repos\dka_nka\lab1_dka_nka\source.cpp(456): warning C4018: <: несоответствие типов со знаком и без знака
c:\users\vtech\source\repos\dka_nka\lab1_dka_nka\source.cpp(458): warning C4018: <: несоответствие типов со знаком и без знака
c:\users\vtech\source\repos\dka_nka\lab1_dka_nka\source.cpp(504): warning C4018: <: несоответствие типов со знаком и без знака
c:\users\vtech\source\repos\dka_nka\lab1_dka_nka\source.cpp(506): warning C4018: <: несоответствие типов со знаком и без знака
c:\users\vtech\source\repos\dka_nka\lab1_dka_nka\source.cpp(519): warning C4018: <: несоответствие типов со знаком и без знака
c:\users\vtech\source\repos\dka_nka\lab1_dka_nka\source.cpp(537): warning C4018: <: несоответствие типов со знаком и без знака
c:\users\vtech\source\repos\dka_nka\lab1_dka_nka\source.cpp(555): warning C4018: <: несоответствие типов со знаком и без знака
c:\users\vtech\source\repos\dka_nka\lab1_dka_nka\source.cpp(571): warning C4018: <=: несоответствие типов со знаком и без знака
c:\users\vtech\source\repos\dka_nka\lab1_dka_nka\source.cpp(591): warning C4018: <: несоответствие типов со знаком и без знака
c:\users\vtech\source\repos\dka_nka\lab1_dka_nka\source.cpp(593): warning C4018: <: несоответствие типов со знаком и без знака
c:\users\vtech\source\repos\dka_nka\lab1_dka_nka\source.cpp(609): warning C4018: <: несоответствие типов со знаком и без знака
c:\users\vtech\source\repos\dka_nka\lab1_dka_nka\source.cpp(617): warning C4018: <: несоответствие типов со знаком и без знака
c:\users\vtech\source\repos\dka_nka\lab1_dka_nka\source.cpp(646): warning C4018: <: несоответствие типов со знаком и без знака
c:\users\vtech\source\repos\dka_nka\lab1_dka_nka\source.cpp(702): warning C4018: <: несоответствие типов со знаком и без знака
c:\users\vtech\source\repos\dka_nka\lab1_dka_nka\source.cpp(704): warning C4018: >: несоответствие типов со знаком и без знака
c:\users\vtech\source\repos\dka_nka\lab1_dka_nka\source.cpp(762): warning C4018: <: несоответствие типов со знаком и без знака
c:\users\vtech\source\repos\dka_nka\lab1_dka_nka\source.cpp(764): warning C4018: <: несоответствие типов со знаком и без знака
c:\users\vtech\source\repos\dka_nka\lab1_dka_nka\source.cpp(770): warning C4018: <: несоответствие типов со знаком и без знака
c:\users\vtech\source\repos\dka_nka\lab1_dka_nka\source.cpp(772): warning C4018: <: несоответствие типов со знаком и без знака
c:\users\vtech\source\repos\dka_nka\lab1_dka_nka\source.cpp(796): warning C4018: >: несоответствие типов со знаком и без знака
c:\users\vtech\source\repos\dka_nka\lab1_dka_nka\source.cpp(831): warning C4018: >=: несоответствие типов со знаком и без знака
c:\users\vtech\source\repos\dka_nka\lab1_dka_nka\source.cpp(839): warning C4018: <: несоответствие типов со знаком и без знака
c:\users\vtech\source\repos\dka_nka\lab1_dka_nka\source.cpp(844): warning C4018: <: несоответствие типов со знаком и без знака
c:\users\vtech\source\repos\dka_nka\lab1_dka_nka\source.cpp(852): warning C4018: <: несоответствие типов со знаком и без знака
c:\users\vtech\source\repos\dka_nka\lab1_dka_nka\source.cpp(854): warning C4018: <: несоответствие типов со знаком и без знака
c:\users\vtech\source\repos\dka_nka\lab1_dka_nka\source.cpp(857): warning C4018: <: несоответствие типов со знаком и без знака
c:\users\vtech\source\repos\dka_nka\lab1_dka_nka\source.cpp(862): warning C4018: <: несоответствие типов со знаком и без знака
c:\users\vtech\source\repos\dka_nka\lab1_dka_nka\source.cpp(869): warning C4018: <: несоответствие типов со знаком и без знака
c:\users\vtech\source\repos\dka_nka\lab1_dka_nka\source.cpp(871): warning C4018: <: несоответствие типов со знаком и без знака
c:\users\vtech\source\repos\dka_nka\lab1_dka_nka\source.cpp(74): warning C4715: readfile: значение возвращается не при всех путях выполнения
c:\users\vtech\source\repos\dka_nka\lab1_dka_nka\source.cpp(255): warning C4715: nka: значение возвращается не при всех путях выполнения
c:\users\vtech\source\repos\dka_nka\lab1_dka_nka\source.cpp(160): warning C4715: dka: значение возвращается не при всех путях выполнения
  lab1_DKA_NKA.vcxproj -> C:\Users\vtech\source\repos\DKA_NKA\Debug\lab1_DKA_NKA.exe
